Replace Part C1 Cap in C:\Users\ethan\Documents\GitHub\APRILab-Hardware\Power Board\Power Board V1\Buck Converter.SchDoc with Cap from Passives.SchLib
Replace Part C2 Cap in C:\Users\ethan\Documents\GitHub\APRILab-Hardware\Power Board\Power Board V1\Buck Converter.SchDoc with Cap from Passives.SchLib
Replace Part C3 Cap in C:\Users\ethan\Documents\GitHub\APRILab-Hardware\Power Board\Power Board V1\Buck Converter.SchDoc with Cap from Passives.SchLib
Replace Part C4 Cap in C:\Users\ethan\Documents\GitHub\APRILab-Hardware\Power Board\Power Board V1\Buck Converter.SchDoc with Cap from Passives.SchLib
Replace Part C5 Cap in C:\Users\ethan\Documents\GitHub\APRILab-Hardware\Power Board\Power Board V1\Buck Converter.SchDoc with Cap from Passives.SchLib
Replace Part C6 Cap in C:\Users\ethan\Documents\GitHub\APRILab-Hardware\Power Board\Power Board V1\Buck Converter.SchDoc with Cap from Passives.SchLib
Replace Part C7 Cap in C:\Users\ethan\Documents\GitHub\APRILab-Hardware\Power Board\Power Board V1\Buck Converter.SchDoc with Cap from Passives.SchLib
Replace Part C8 Cap in C:\Users\ethan\Documents\GitHub\APRILab-Hardware\Power Board\Power Board V1\Buck Converter.SchDoc with Cap from Passives.SchLib
Replace Part C9 Cap in C:\Users\ethan\Documents\GitHub\APRILab-Hardware\Power Board\Power Board V1\Buck Converter.SchDoc with Cap from Passives.SchLib
Replace Part C10 Cap in C:\Users\ethan\Documents\GitHub\APRILab-Hardware\Power Board\Power Board V1\Buck Converter.SchDoc with Cap from Passives.SchLib
Replace Part C11 Cap in C:\Users\ethan\Documents\GitHub\APRILab-Hardware\Power Board\Power Board V1\Buck Converter.SchDoc with Cap from Passives.SchLib
Replace Part J1 5000 Test Point in C:\Users\ethan\Documents\GitHub\APRILab-Hardware\Power Board\Power Board V1\Buck Converter.SchDoc with 5000 Test Point from Connectors.SchLib
Replace Part J2 5000 Test Point in C:\Users\ethan\Documents\GitHub\APRILab-Hardware\Power Board\Power Board V1\Buck Converter.SchDoc with 5000 Test Point from Connectors.SchLib
Replace Part L1 SRR1280A-6R8Y in C:\Users\ethan\Documents\GitHub\APRILab-Hardware\Power Board\Power Board V1\Buck Converter.SchDoc with SRR1280A-6R8Y from Passives.SchLib
Replace Part LED1 LED in C:\Users\ethan\Documents\GitHub\APRILab-Hardware\Power Board\Power Board V1\Buck Converter.SchDoc with LED from Semiconductors.SchLib
Replace Part R1 Res in C:\Users\ethan\Documents\GitHub\APRILab-Hardware\Power Board\Power Board V1\Buck Converter.SchDoc with Res from Passives.SchLib
Replace Part R2 Res in C:\Users\ethan\Documents\GitHub\APRILab-Hardware\Power Board\Power Board V1\Buck Converter.SchDoc with Res from Passives.SchLib
Replace Part R3 Res in C:\Users\ethan\Documents\GitHub\APRILab-Hardware\Power Board\Power Board V1\Buck Converter.SchDoc with Res from Passives.SchLib
Replace Part R4 Res in C:\Users\ethan\Documents\GitHub\APRILab-Hardware\Power Board\Power Board V1\Buck Converter.SchDoc with Res from Passives.SchLib
Replace Part R5 Res in C:\Users\ethan\Documents\GitHub\APRILab-Hardware\Power Board\Power Board V1\Buck Converter.SchDoc with Res from Passives.SchLib
Replace Part R6 Res in C:\Users\ethan\Documents\GitHub\APRILab-Hardware\Power Board\Power Board V1\Buck Converter.SchDoc with Res from Passives.SchLib
Replace Part R7 Res in C:\Users\ethan\Documents\GitHub\APRILab-Hardware\Power Board\Power Board V1\Buck Converter.SchDoc with Res from Passives.SchLib
Replace Part R8 Res in C:\Users\ethan\Documents\GitHub\APRILab-Hardware\Power Board\Power Board V1\Buck Converter.SchDoc with Res from Passives.SchLib
Replace Part R9 Res in C:\Users\ethan\Documents\GitHub\APRILab-Hardware\Power Board\Power Board V1\Buck Converter.SchDoc with Res from Passives.SchLib
Replace Part R10 Res in C:\Users\ethan\Documents\GitHub\APRILab-Hardware\Power Board\Power Board V1\Buck Converter.SchDoc with Res from Passives.SchLib
Replace Part R11 Res in C:\Users\ethan\Documents\GitHub\APRILab-Hardware\Power Board\Power Board V1\Buck Converter.SchDoc with Res from Passives.SchLib
Replace Part R12 Res in C:\Users\ethan\Documents\GitHub\APRILab-Hardware\Power Board\Power Board V1\Buck Converter.SchDoc with Res from Passives.SchLib
Replace Part R13 Res in C:\Users\ethan\Documents\GitHub\APRILab-Hardware\Power Board\Power Board V1\Buck Converter.SchDoc with Res from Passives.SchLib
Replace Part R14 Res in C:\Users\ethan\Documents\GitHub\APRILab-Hardware\Power Board\Power Board V1\Buck Converter.SchDoc with Res from Passives.SchLib
Replace Part R15 Res in C:\Users\ethan\Documents\GitHub\APRILab-Hardware\Power Board\Power Board V1\Buck Converter.SchDoc with Res from Passives.SchLib
