Removed Member From Class: ClassName=Battery Management System Member=C15
Removed Member From Class: ClassName=Battery Management System Member=R21
Removed Member From Class: ClassName=Buck Converter Member=R24
Change Component Designator: OldDesignator=C10 NewDesignator=C11
Change Component Designator: OldDesignator=C11 NewDesignator=C13
Change Component Designator: OldDesignator=C12 NewDesignator=C14
Change Component Designator: OldDesignator=C13 NewDesignator=C15
Change Component Designator: OldDesignator=C14 NewDesignator=C16
Change Component Designator: OldDesignator=C15 NewDesignator=C12
Change Component Designator: OldDesignator=J3 NewDesignator=J7
Change Component Designator: OldDesignator=J4 NewDesignator=J6
Change Component Designator: OldDesignator=J5 NewDesignator=J3
Change Component Designator: OldDesignator=J6 NewDesignator=J4
Change Component Designator: OldDesignator=J7 NewDesignator=J5
Change Component Designator: OldDesignator=R14 NewDesignator=R15
Change Component Designator: OldDesignator=R15 NewDesignator=R21
Change Component Designator: OldDesignator=R16 NewDesignator=R22
Change Component Designator: OldDesignator=R17 NewDesignator=R23
Change Component Designator: OldDesignator=R18 NewDesignator=R24
Change Component Designator: OldDesignator=R19 NewDesignator=R20
Change Component Designator: OldDesignator=R20 NewDesignator=R16
Change Component Designator: OldDesignator=R21 NewDesignator=R17
Change Component Designator: OldDesignator=R22 NewDesignator=R18
Change Component Designator: OldDesignator=R23 NewDesignator=R19
Change Component Designator: OldDesignator=R24 NewDesignator=R14
Added Component: Designator=C10(CAPC1206)
Add component (AddParameter): Name = "Supplier 1"; Value = "Digi-Key"; VariantName = "[No Variations]"
Add component (AddParameter): Name = "Supplier Part Number 1"; Value = "1276-1000-1-ND"; VariantName = "[No Variations]"
Add component (AddParameter): Name = "Value"; Value = "NS"; VariantName = "[No Variations]"
Added Pin To Net: NetName=14.8V Pin=C10-1
Added Pin To Net: NetName=GND Pin=C10-2
Change Net Name : Old Net Name=NetC10_1 New Net Name=NetC11_1
Change Net Name : Old Net Name=NetC10_2 New Net Name=NetC11_2
Change Net Name : Old Net Name=NetC15_1 New Net Name=NetC12_1
Change Net Name : Old Net Name=NetJ3_2 New Net Name=NetJ7_2
Change Net Name : Old Net Name=NetJ3_3 New Net Name=NetJ7_3
Change Net Name : Old Net Name=NetJ3_4 New Net Name=NetJ7_4
Change Net Name : Old Net Name=NetJ3_5 New Net Name=NetJ7_5
Added Member To Class: ClassName=Buck Converter Member=Component C11 Cap
Added Member To Class: ClassName=Battery Management System Member=Component C16 Cap
Added Member To Class: ClassName=Buck Converter Member=Component R15 Res
Added Member To Class: ClassName=Battery Management System Member=Component R24 Res
