Change Component Description : Designator=C8 Old Description=4.7uF New Description=
Change Component Description : Designator=C7 Old Description=22uF  New Description=
Change Component Description : Designator=C9 Old Description=NS New Description=
Change component parameters: Designator = "LED1" ("LED1"); Footprint = "LED1206"; UniqueID = "\YSMDTJIZ" ("\YSMDTJIZ")
Change component parameters (AddParameter): Name = "Color"; Value = "Red"; VariantName = "[No Variations]"
Change component parameters (AddParameter): Name = "Supplier 1"; Value = "Digi-Key"; VariantName = "[No Variations]"
Change component parameters (AddParameter): Name = "Supplier Part Number 1"; Value = "1080-1419-1-ND"; VariantName = "[No Variations]"
Change component parameters: Designator = "C1" ("C1"); Footprint = "CAPC0603"; UniqueID = "\URHFVNUZ" ("\URHFVNUZ")
Change component parameters (AddParameter): Name = "ComponentLink1Description"; Value = "New link"; VariantName = "[No Variations]"
Change component parameters (AddParameter): Name = "ComponentLink1URL"; Value = ""; VariantName = "[No Variations]"
Change component parameters (AddParameter): Name = "Supplier 1"; Value = "Digi-Key"; VariantName = "[No Variations]"
Change component parameters (AddParameter): Name = "Supplier Part Number 1"; Value = "1276-1000-1-ND"; VariantName = "[No Variations]"
Change component parameters (AddParameter): Name = "Value"; Value = "0.22uF"; VariantName = "[No Variations]"
Change component parameters: Designator = "C2" ("C2"); Footprint = "CAPC1206"; UniqueID = "\WDMGNEWW" ("\WDMGNEWW")
Change component parameters (AddParameter): Name = "ComponentLink1Description"; Value = "New link"; VariantName = "[No Variations]"
Change component parameters (AddParameter): Name = "ComponentLink1URL"; Value = ""; VariantName = "[No Variations]"
Change component parameters (AddParameter): Name = "Supplier 1"; Value = "Digi-Key"; VariantName = "[No Variations]"
Change component parameters (AddParameter): Name = "Supplier Part Number 1"; Value = "1276-1000-1-ND"; VariantName = "[No Variations]"
Change component parameters (AddParameter): Name = "Value"; Value = "33uF"; VariantName = "[No Variations]"
Change component parameters: Designator = "C3" ("C3"); Footprint = "CAPC1206"; UniqueID = "\OKEZISDH" ("\OKEZISDH")
Change component parameters (AddParameter): Name = "ComponentLink1Description"; Value = "New link"; VariantName = "[No Variations]"
Change component parameters (AddParameter): Name = "ComponentLink1URL"; Value = ""; VariantName = "[No Variations]"
Change component parameters (AddParameter): Name = "Supplier 1"; Value = "Digi-Key"; VariantName = "[No Variations]"
Change component parameters (AddParameter): Name = "Supplier Part Number 1"; Value = "1276-1000-1-ND"; VariantName = "[No Variations]"
Change component parameters (AddParameter): Name = "Value"; Value = "33uF"; VariantName = "[No Variations]"
Change component parameters: Designator = "C4" ("C4"); Footprint = "CAPC1206"; UniqueID = "\BJJHZIUJ" ("\BJJHZIUJ")
Change component parameters (AddParameter): Name = "ComponentLink1Description"; Value = "New link"; VariantName = "[No Variations]"
Change component parameters (AddParameter): Name = "ComponentLink1URL"; Value = ""; VariantName = "[No Variations]"
Change component parameters (AddParameter): Name = "Supplier 1"; Value = "Digi-Key"; VariantName = "[No Variations]"
Change component parameters (AddParameter): Name = "Supplier Part Number 1"; Value = "1276-1000-1-ND"; VariantName = "[No Variations]"
Change component parameters (AddParameter): Name = "Value"; Value = "NS"; VariantName = "[No Variations]"
Change component parameters: Designator = "C5" ("C5"); Footprint = "CAPC1206"; UniqueID = "\CAFKRPMV" ("\CAFKRPMV")
Change component parameters (AddParameter): Name = "ComponentLink1Description"; Value = "New link"; VariantName = "[No Variations]"
Change component parameters (AddParameter): Name = "ComponentLink1URL"; Value = ""; VariantName = "[No Variations]"
Change component parameters (AddParameter): Name = "Supplier 1"; Value = "Digi-Key"; VariantName = "[No Variations]"
Change component parameters (AddParameter): Name = "Supplier Part Number 1"; Value = "1276-1000-1-ND"; VariantName = "[No Variations]"
Change component parameters (AddParameter): Name = "Value"; Value = "NS"; VariantName = "[No Variations]"
Change component parameters: Designator = "C6" ("C6"); Footprint = "CAPC0603"; UniqueID = "\UFALDRMD" ("\UFALDRMD")
Change component parameters (AddParameter): Name = "ComponentLink1Description"; Value = "New link"; VariantName = "[No Variations]"
Change component parameters (AddParameter): Name = "ComponentLink1URL"; Value = ""; VariantName = "[No Variations]"
Change component parameters (AddParameter): Name = "Supplier 1"; Value = "Digi-Key"; VariantName = "[No Variations]"
Change component parameters (AddParameter): Name = "Supplier Part Number 1"; Value = "1276-1000-1-ND"; VariantName = "[No Variations]"
Change component parameters (AddParameter): Name = "Value"; Value = "1uF"; VariantName = "[No Variations]"
Change component parameters: Designator = "C8" ("C8"); Footprint = "CAPC1206"; UniqueID = "\SHWGSWVE" ("\SHWGSWVE")
Change component parameters (AddParameter): Name = "ComponentLink1Description"; Value = "New link"; VariantName = "[No Variations]"
Change component parameters (AddParameter): Name = "ComponentLink1URL"; Value = ""; VariantName = "[No Variations]"
Change component parameters (AddParameter): Name = "Supplier 1"; Value = "Digi-Key"; VariantName = "[No Variations]"
Change component parameters (AddParameter): Name = "Supplier Part Number 1"; Value = "1276-1000-1-ND"; VariantName = "[No Variations]"
Change component parameters (AddParameter): Name = "Value"; Value = "4.7uF"; VariantName = "[No Variations]"
Change component parameters: Designator = "C9" ("C9"); Footprint = "CAPC1206"; UniqueID = "\JBKROITL" ("\JBKROITL")
Change component parameters (AddParameter): Name = "ComponentLink1Description"; Value = "New link"; VariantName = "[No Variations]"
Change component parameters (AddParameter): Name = "ComponentLink1URL"; Value = ""; VariantName = "[No Variations]"
Change component parameters (AddParameter): Name = "Supplier 1"; Value = "Digi-Key"; VariantName = "[No Variations]"
Change component parameters (AddParameter): Name = "Supplier Part Number 1"; Value = "1276-1000-1-ND"; VariantName = "[No Variations]"
Change component parameters (AddParameter): Name = "Value"; Value = "NS"; VariantName = "[No Variations]"
Change component parameters: Designator = "C10" ("C10"); Footprint = "CAPC0603"; UniqueID = "\XWCJJDFY" ("\XWCJJDFY")
Change component parameters (AddParameter): Name = "ComponentLink1Description"; Value = "New link"; VariantName = "[No Variations]"
Change component parameters (AddParameter): Name = "ComponentLink1URL"; Value = ""; VariantName = "[No Variations]"
Change component parameters (AddParameter): Name = "Supplier 1"; Value = "Digi-Key"; VariantName = "[No Variations]"
Change component parameters (AddParameter): Name = "Supplier Part Number 1"; Value = "1276-1000-1-ND"; VariantName = "[No Variations]"
Change component parameters (AddParameter): Name = "Value"; Value = "100nF"; VariantName = "[No Variations]"
Change component parameters: Designator = "C11" ("C11"); Footprint = "CAPC0603"; UniqueID = "\FBLTBHDM" ("\FBLTBHDM")
Change component parameters (AddParameter): Name = "ComponentLink1Description"; Value = "New link"; VariantName = "[No Variations]"
Change component parameters (AddParameter): Name = "ComponentLink1URL"; Value = ""; VariantName = "[No Variations]"
Change component parameters (AddParameter): Name = "Supplier 1"; Value = "Digi-Key"; VariantName = "[No Variations]"
Change component parameters (AddParameter): Name = "Supplier Part Number 1"; Value = "1276-1000-1-ND"; VariantName = "[No Variations]"
Change component parameters (AddParameter): Name = "Value"; Value = "NS"; VariantName = "[No Variations]"
Change component parameters: Designator = "C12" ("C12"); Footprint = "CAPC0603"; UniqueID = "\DYLMRRMQ" ("\DYLMRRMQ")
Change component parameters (AddParameter): Name = "ComponentLink1Description"; Value = "New link"; VariantName = "[No Variations]"
Change component parameters (AddParameter): Name = "ComponentLink1URL"; Value = ""; VariantName = "[No Variations]"
Change component parameters (AddParameter): Name = "Supplier 1"; Value = "Digi-Key"; VariantName = "[No Variations]"
Change component parameters (AddParameter): Name = "Supplier Part Number 1"; Value = "1276-1000-1-ND"; VariantName = "[No Variations]"
Change component parameters (AddParameter): Name = "Value"; Value = "100nF"; VariantName = "[No Variations]"
Change component parameters: Designator = "C13" ("C13"); Footprint = "CAPC0603"; UniqueID = "\AAFLAATQ" ("\AAFLAATQ")
Change component parameters (AddParameter): Name = "ComponentLink1Description"; Value = "New link"; VariantName = "[No Variations]"
Change component parameters (AddParameter): Name = "ComponentLink1URL"; Value = ""; VariantName = "[No Variations]"
Change component parameters (AddParameter): Name = "Supplier 1"; Value = "Digi-Key"; VariantName = "[No Variations]"
Change component parameters (AddParameter): Name = "Supplier Part Number 1"; Value = "1276-1000-1-ND"; VariantName = "[No Variations]"
Change component parameters (AddParameter): Name = "Value"; Value = "100nF"; VariantName = "[No Variations]"
Change component parameters: Designator = "C14" ("C14"); Footprint = "CAPC0603"; UniqueID = "\GTDRCXLF" ("\GTDRCXLF")
Change component parameters (AddParameter): Name = "ComponentLink1Description"; Value = "New link"; VariantName = "[No Variations]"
Change component parameters (AddParameter): Name = "ComponentLink1URL"; Value = ""; VariantName = "[No Variations]"
Change component parameters (AddParameter): Name = "Supplier 1"; Value = "Digi-Key"; VariantName = "[No Variations]"
Change component parameters (AddParameter): Name = "Supplier Part Number 1"; Value = "1276-1000-1-ND"; VariantName = "[No Variations]"
Change component parameters (AddParameter): Name = "Value"; Value = "100nF"; VariantName = "[No Variations]"
Change component parameters: Designator = "C15" ("C15"); Footprint = "CAPC0603"; UniqueID = "\LIVKIYHK" ("\LIVKIYHK")
Change component parameters (AddParameter): Name = "ComponentLink1Description"; Value = "New link"; VariantName = "[No Variations]"
Change component parameters (AddParameter): Name = "ComponentLink1URL"; Value = ""; VariantName = "[No Variations]"
Change component parameters (AddParameter): Name = "Supplier 1"; Value = "Digi-Key"; VariantName = "[No Variations]"
Change component parameters (AddParameter): Name = "Supplier Part Number 1"; Value = "1276-1000-1-ND"; VariantName = "[No Variations]"
Change component parameters (AddParameter): Name = "Value"; Value = "100nF"; VariantName = "[No Variations]"
Change component parameters: Designator = "C16" ("C16"); Footprint = "CAPC0603"; UniqueID = "\JUPGRTMB" ("\JUPGRTMB")
Change component parameters (AddParameter): Name = "ComponentLink1Description"; Value = "New link"; VariantName = "[No Variations]"
Change component parameters (AddParameter): Name = "ComponentLink1URL"; Value = ""; VariantName = "[No Variations]"
Change component parameters (AddParameter): Name = "Supplier 1"; Value = "Digi-Key"; VariantName = "[No Variations]"
Change component parameters (AddParameter): Name = "Supplier Part Number 1"; Value = "1276-1000-1-ND"; VariantName = "[No Variations]"
Change component parameters (AddParameter): Name = "Value"; Value = "100nF"; VariantName = "[No Variations]"
Change component parameters: Designator = "C7" ("C7"); Footprint = "CAPC1206"; UniqueID = "\DXUNVDUK" ("\DXUNVDUK")
Change component parameters (AddParameter): Name = "ComponentLink1Description"; Value = "New link"; VariantName = "[No Variations]"
Change component parameters (AddParameter): Name = "ComponentLink1URL"; Value = ""; VariantName = "[No Variations]"
Change component parameters (AddParameter): Name = "Supplier 1"; Value = "Digi-Key"; VariantName = "[No Variations]"
Change component parameters (AddParameter): Name = "Supplier Part Number 1"; Value = "1276-1000-1-ND"; VariantName = "[No Variations]"
Change component parameters (AddParameter): Name = "Value"; Value = "22uF"; VariantName = "[No Variations]"
Added Component: Designator=J9(1.0mm mezzanine connector 64 pin)
Added Pin To Net: NetName=5V Pin=J9-1
Added Pin To Net: NetName=5V Pin=J9-2
Added Pin To Net: NetName=5V Pin=J9-3
Added Pin To Net: NetName=5V Pin=J9-4
Added Pin To Net: NetName=5V Pin=J9-5
Added Pin To Net: NetName=5V Pin=J9-6
Added Pin To Net: NetName=5V Pin=J9-7
Added Pin To Net: NetName=5V Pin=J9-8
Added Pin To Net: NetName=5V Pin=J9-9
Added Pin To Net: NetName=5V Pin=J9-10
Added Pin To Net: NetName=5V Pin=J9-11
Added Pin To Net: NetName=5V Pin=J9-12
Added Pin To Net: NetName=5V Pin=J9-13
Added Pin To Net: NetName=5V Pin=J9-14
Added Pin To Net: NetName=5V Pin=J9-15
Added Pin To Net: NetName=5V Pin=J9-16
Added Pin To Net: NetName=5V Pin=J9-17
Added Pin To Net: NetName=5V Pin=J9-18
Added Pin To Net: NetName=5V Pin=J9-19
Added Pin To Net: NetName=5V Pin=J9-20
Added Pin To Net: NetName=5V Pin=J9-21
Added Pin To Net: NetName=5V Pin=J9-22
Added Pin To Net: NetName=5V Pin=J9-23
Added Pin To Net: NetName=5V Pin=J9-24
Added Pin To Net: NetName=GND Pin=J9-33
Added Pin To Net: NetName=GND Pin=J9-34
Added Pin To Net: NetName=GND Pin=J9-35
Added Pin To Net: NetName=GND Pin=J9-36
Added Pin To Net: NetName=GND Pin=J9-37
Added Pin To Net: NetName=GND Pin=J9-38
Added Pin To Net: NetName=GND Pin=J9-39
Added Pin To Net: NetName=GND Pin=J9-40
Added Pin To Net: NetName=GND Pin=J9-41
Added Pin To Net: NetName=GND Pin=J9-42
Added Pin To Net: NetName=GND Pin=J9-43
Added Pin To Net: NetName=GND Pin=J9-44
Added Pin To Net: NetName=GND Pin=J9-45
Added Pin To Net: NetName=GND Pin=J9-46
Added Pin To Net: NetName=GND Pin=J9-47
Added Pin To Net: NetName=GND Pin=J9-48
Added Pin To Net: NetName=GND Pin=J9-49
Added Pin To Net: NetName=GND Pin=J9-50
Added Pin To Net: NetName=GND Pin=J9-51
Added Pin To Net: NetName=GND Pin=J9-52
Added Pin To Net: NetName=GND Pin=J9-53
Added Pin To Net: NetName=GND Pin=J9-54
Added Pin To Net: NetName=GND Pin=J9-55
Added Pin To Net: NetName=GND Pin=J9-56
Added Member To Class: ClassName=Board Connector Member=Component J9 0714392464
